Determining if the pthread_create exist failed with the following output:
Change Dir: /home/towardthesea/catkin_ws/src/moveit_baxter_test/CMakeFiles/CMakeTmp

Run Build Command:/usr/bin/make "cmTryCompileExec368765067/fast"
/usr/bin/make -f CMakeFiles/cmTryCompileExec368765067.dir/build.make CMakeFiles/cmTryCompileExec368765067.dir/build
make[1]: Entering directory `/home/towardthesea/catkin_ws/src/moveit_baxter_test/CMakeFiles/CMakeTmp'
/usr/bin/cmake -E cmake_progress_report /home/towardthesea/catkin_ws/src/moveit_baxter_test/CMakeFiles/CMakeTmp/CMakeFiles 1
Building C object CMakeFiles/cmTryCompileExec368765067.dir/CheckSymbolExists.c.o
/usr/bin/cc    -o CMakeFiles/cmTryCompileExec368765067.dir/CheckSymbolExists.c.o   -c /home/towardthesea/catkin_ws/src/moveit_baxter_test/CMakeFiles/CMakeTmp/CheckSymbolExists.c
Linking C executable cmTryCompileExec368765067
/usr/bin/cmake -E cmake_link_script CMakeFiles/cmTryCompileExec368765067.dir/link.txt --verbose=1
/usr/bin/cc       CMakeFiles/cmTryCompileExec368765067.dir/CheckSymbolExists.c.o  -o cmTryCompileExec368765067 -rdynamic 
CMakeFiles/cmTryCompileExec368765067.dir/CheckSymbolExists.c.o: In function `main':
CheckSymbolExists.c:(.text+0x16): undefined reference to `pthread_create'
collect2: error: ld returned 1 exit status
make[1]: Leaving directory `/home/towardthesea/catkin_ws/src/moveit_baxter_test/CMakeFiles/CMakeTmp'
make[1]: *** [cmTryCompileExec368765067] Error 1
make: *** [cmTryCompileExec368765067/fast] Error 2

File /home/towardthesea/catkin_ws/src/moveit_baxter_test/CMakeFiles/CMakeTmp/CheckSymbolExists.c:
/* */
#include <pthread.h>

int main(int argc, char** argv)
{
  (void)argv;
#ifndef pthread_create
  return ((int*)(&pthread_create))[argc];
#else
  (void)argc;
  return 0;
#endif
}

Determining if the function pthread_create exists in the pthreads failed with the following output:
Change Dir: /home/towardthesea/catkin_ws/src/moveit_baxter_test/CMakeFiles/CMakeTmp

Run Build Command:/usr/bin/make "cmTryCompileExec640725736/fast"
/usr/bin/make -f CMakeFiles/cmTryCompileExec640725736.dir/build.make CMakeFiles/cmTryCompileExec640725736.dir/build
make[1]: Entering directory `/home/towardthesea/catkin_ws/src/moveit_baxter_test/CMakeFiles/CMakeTmp'
/usr/bin/cmake -E cmake_progress_report /home/towardthesea/catkin_ws/src/moveit_baxter_test/CMakeFiles/CMakeTmp/CMakeFiles 1
Building C object CMakeFiles/cmTryCompileExec640725736.dir/CheckFunctionExists.c.o
/usr/bin/cc   -DCHECK_FUNCTION_EXISTS=pthread_create   -o CMakeFiles/cmTryCompileExec640725736.dir/CheckFunctionExists.c.o   -c /usr/share/cmake-2.8/Modules/CheckFunctionExists.c
Linking C executable cmTryCompileExec640725736
/usr/bin/cmake -E cmake_link_script CMakeFiles/cmTryCompileExec640725736.dir/link.txt --verbose=1
/usr/bin/cc   -DCHECK_FUNCTION_EXISTS=pthread_create    CMakeFiles/cmTryCompileExec640725736.dir/CheckFunctionExists.c.o  -o cmTryCompileExec640725736 -rdynamic -lpthreads 
/usr/bin/ld: cannot find -lpthreads
collect2: error: ld returned 1 exit status
make[1]: *** [cmTryCompileExec640725736] Error 1
make[1]: Leaving directory `/home/towardthesea/catkin_ws/src/moveit_baxter_test/CMakeFiles/CMakeTmp'
make: *** [cmTryCompileExec640725736/fast] Error 2


Determining if the function pthread_create exists in the pthreads failed with the following output:
Change Dir: /home/ros/ros-baxter/src/moveit_baxter_test/CMakeFiles/CMakeTmp

Run Build Command:/usr/bin/make "cmTryCompileExec/fast"
/usr/bin/make -f CMakeFiles/cmTryCompileExec.dir/build.make CMakeFiles/cmTryCompileExec.dir/build
make[1]: Entering directory `/home/ros/ros-baxter/src/moveit_baxter_test/CMakeFiles/CMakeTmp'
/usr/bin/cmake -E cmake_progress_report /home/ros/ros-baxter/src/moveit_baxter_test/CMakeFiles/CMakeTmp/CMakeFiles 1
Building C object CMakeFiles/cmTryCompileExec.dir/CheckFunctionExists.c.o
/usr/bin/gcc   -DCHECK_FUNCTION_EXISTS=pthread_create   -o CMakeFiles/cmTryCompileExec.dir/CheckFunctionExists.c.o   -c /usr/share/cmake-2.8/Modules/CheckFunctionExists.c
Linking C executable cmTryCompileExec
/usr/bin/cmake -E cmake_link_script CMakeFiles/cmTryCompileExec.dir/link.txt --verbose=1
/usr/bin/gcc     -DCHECK_FUNCTION_EXISTS=pthread_create    CMakeFiles/cmTryCompileExec.dir/CheckFunctionExists.c.o  -o cmTryCompileExec -rdynamic -lpthreads 
/usr/bin/ld: cannot find -lpthreads
collect2: ld returned 1 exit status
make[1]: Leaving directory `/home/ros/ros-baxter/src/moveit_baxter_test/CMakeFiles/CMakeTmp'
make[1]: *** [cmTryCompileExec] Error 1
make: *** [cmTryCompileExec/fast] Error 2


